#-----------------------------------------------------------
# Vivado v2025.1 (64-bit)
# SW Build 6140274 on Wed May 21 22:58:25 MDT 2025
# IP Build 6138677 on Thu May 22 03:10:11 MDT 2025
# SharedData Build 6139179 on Tue May 20 17:58:58 MDT 2025
# Start of session at: Tue Feb 17 02:37:56 2026
# Process ID         : 1181728
# Current directory  : /home/srn6/pprojs/risc-v
# Command line       : vivado
# Log file           : /home/srn6/pprojs/risc-v/vivado.log
# Journal file       : /home/srn6/pprojs/risc-v/vivado.jou
# Running On         : gelib-4e-36.ews.illinois.edu
# Platform           : RedHatEnterprise
# Operating System   : Red Hat Enterprise Linux 9.7 (Plow)
# Processor Detail   : Intel(R) Xeon(R) W-1350 @ 3.30GHz
# CPU Frequency      : 2137.117 MHz
# CPU Physical cores : 6
# CPU Logical cores  : 12
# Host memory        : 16208 MB
# Swap memory        : 4294 MB
# Total Virtual      : 20503 MB
# Available Virtual  : 13112 MB
#-----------------------------------------------------------
start_gui
WARNING: [Board 49-26] cannot add Board Part xilinx.com:zcu208ld:part0:2.0 available at /software/xilinx-2025.1/2025.1/data/xhub/boards/XilinxBoardStore/boards/Xilinx/zcu208ld/production/2.0/board.xml as part xczu58dr-fsvg1517-2-i specified in board_part file is either invalid or not available
WARNING: [Board 49-26] cannot add Board Part xilinx.com:zcu216ld:part0:2.0 available at /software/xilinx-2025.1/2025.1/data/xhub/boards/XilinxBoardStore/boards/Xilinx/zcu216ld/production/2.0/board.xml as part xczu59dr-ffvf1760-2-i specified in board_part file is either invalid or not available
WARNING: [Board 49-26] cannot add Board Part xilinx.com:zcu670ld:part0:1.0 available at /software/xilinx-2025.1/2025.1/data/xhub/boards/XilinxBoardStore/boards/Xilinx/zcu670ld/1.0/board.xml as part xczu57dr-fsve1156-2-i specified in board_part file is either invalid or not available
open_project /home/srn6/pprojs/risc-v/risc-v/risc-v.xpr
INFO: [filemgmt 56-3] Default IP Output Path : Could not find the directory '/home/srn6/pprojs/risc-v/risc-v/risc-v.gen/sources_1'.
Scanning sources...
Finished scanning sources
WARNING: [Board 49-26] cannot add Board Part xilinx.com:zcu208ld:part0:2.0 available at /software/xilinx-2025.1/2025.1/data/xhub/boards/XilinxBoardStore/boards/Xilinx/zcu208ld/production/2.0/board.xml as part xczu58dr-fsvg1517-2-i specified in board_part file is either invalid or not available
WARNING: [Board 49-26] cannot add Board Part xilinx.com:zcu216ld:part0:2.0 available at /software/xilinx-2025.1/2025.1/data/xhub/boards/XilinxBoardStore/boards/Xilinx/zcu216ld/production/2.0/board.xml as part xczu59dr-ffvf1760-2-i specified in board_part file is either invalid or not available
WARNING: [Board 49-26] cannot add Board Part xilinx.com:zcu670ld:part0:1.0 available at /software/xilinx-2025.1/2025.1/data/xhub/boards/XilinxBoardStore/boards/Xilinx/zcu670ld/1.0/board.xml as part xczu57dr-fsve1156-2-i specified in board_part file is either invalid or not available
WARNING: [Project 1-5713] Board part '' set for the project  is not found. BoardPart property will be unset. Please select board from latest repo build 
INFO: [IP_Flow 19-234] Refreshing IP repositories
INFO: [IP_Flow 19-1704] No user IP repositories specified
INFO: [IP_Flow 19-2313] Loaded Vivado IP repository '/software/xilinx-2025.1/2025.1/Vivado/data/ip'.
update_compile_order -fileset sources_1
WARNING: [IP_Flow 19-4067] Ignoring invalid widget type specified checkbox.Providing a default widget
WARNING: [IP_Flow 19-4067] Ignoring invalid widget type specified checkbox.Providing a default widget
can't use empty string as operand of "*"
can't use empty string as operand of "*"
create_ip -name blk_mem_gen -vendor xilinx.com -library ip -version 8.4 -module_name blk_mem_gen_0
set_property -dict [list \
  CONFIG.Enable_32bit_Address {true} \
  CONFIG.Fill_Remaining_Memory_Locations {false} \
  CONFIG.Load_Init_File {false} \
  CONFIG.Memory_Type {Single_Port_ROM} \
  CONFIG.Register_PortA_Output_of_Memory_Core {false} \
  CONFIG.Reset_Memory_Latch_A {false} \
  CONFIG.Use_REGCEA_Pin {false} \
  CONFIG.Write_Depth_A {32768} \
  CONFIG.Write_Width_A {32} \
] [get_ips blk_mem_gen_0]
generate_target {instantiation_template} [get_files /home/srn6/pprojs/risc-v/risc-v/risc-v.srcs/sources_1/ip/blk_mem_gen_0/blk_mem_gen_0.xci]
INFO: [IP_Flow 19-1686] Generating 'Instantiation Template' target for IP 'blk_mem_gen_0'...
update_compile_order -fileset sources_1
generate_target all [get_files  /home/srn6/pprojs/risc-v/risc-v/risc-v.srcs/sources_1/ip/blk_mem_gen_0/blk_mem_gen_0.xci]
INFO: [IP_Flow 19-1686] Generating 'Synthesis' target for IP 'blk_mem_gen_0'...
INFO: [IP_Flow 19-1686] Generating 'Simulation' target for IP 'blk_mem_gen_0'...
INFO: [IP_Flow 19-1686] Generating 'Miscellaneous' target for IP 'blk_mem_gen_0'...
INFO: [IP_Flow 19-1686] Generating 'Change Log' target for IP 'blk_mem_gen_0'...
catch { config_ip_cache -export [get_ips -all blk_mem_gen_0] }
export_ip_user_files -of_objects [get_files /home/srn6/pprojs/risc-v/risc-v/risc-v.srcs/sources_1/ip/blk_mem_gen_0/blk_mem_gen_0.xci] -no_script -sync -force -quiet
create_ip_run [get_files -of_objects [get_fileset sources_1] /home/srn6/pprojs/risc-v/risc-v/risc-v.srcs/sources_1/ip/blk_mem_gen_0/blk_mem_gen_0.xci]
launch_runs blk_mem_gen_0_synth_1 -jobs 6
[Tue Feb 17 02:59:56 2026] Launched blk_mem_gen_0_synth_1...
Run output will be captured here: /home/srn6/pprojs/risc-v/risc-v/risc-v.runs/blk_mem_gen_0_synth_1/runme.log
export_simulation -lib_map_path [list {modelsim=/home/srn6/pprojs/risc-v/risc-v/risc-v.cache/compile_simlib/modelsim} {questa=/home/srn6/pprojs/risc-v/risc-v/risc-v.cache/compile_simlib/questa} {xcelium=/home/srn6/pprojs/risc-v/risc-v/risc-v.cache/compile_simlib/xcelium} {vcs=/home/srn6/pprojs/risc-v/risc-v/risc-v.cache/compile_simlib/vcs} {riviera=/home/srn6/pprojs/risc-v/risc-v/risc-v.cache/compile_simlib/riviera}] -of_objects [get_files /home/srn6/pprojs/risc-v/risc-v/risc-v.srcs/sources_1/ip/blk_mem_gen_0/blk_mem_gen_0.xci] -directory /home/srn6/pprojs/risc-v/risc-v/risc-v.ip_user_files/sim_scripts -ip_user_files_dir /home/srn6/pprojs/risc-v/risc-v/risc-v.ip_user_files -ipstatic_source_dir /home/srn6/pprojs/risc-v/risc-v/risc-v.ip_user_files/ipstatic -use_ip_compiled_libs -force -quiet
WARNING: [IP_Flow 19-4067] Ignoring invalid widget type specified checkbox.Providing a default widget
WARNING: [IP_Flow 19-4067] Ignoring invalid widget type specified checkbox.Providing a default widget
